# JRE version: OpenJDK Runtime Environment (17.0.9) (build 17.0.9+0--11185874)
# Java VM: OpenJDK 64-Bit Server VM (17.0.9+0--11185874, mixed mode, tiered, compressed oops, compressed class ptrs, g1 gc, windows-amd64)
GC Precious Log:
 CPUs: 8 total, 8 available
 Memory: 12010M
 Large Page Support: Disabled
 NUMA Support: Disabled
 Compressed Oops: Enabled (32-bit)
 Heap Region Size: 1M
 Heap Min Capacity: 8M
 Heap Initial Capacity: 188M
 Heap Max Capacity: 2G
 Pre-touch: Disabled
 Parallel Workers: 8
 Concurrent Workers: 2
 Concurrent Refinement Workers: 8
 Periodic GC: Disabled
Heap:
 garbage-first heap   total 192512K, used 85772K [0x0000000080000000, 0x0000000100000000)
  region size 1024K, 5 young (5120K), 5 survivors (5120K)
 Metaspace       used 79931K, committed 80576K, reserved 1179648K
  class space    used 11222K, committed 11520K, reserved 1048576K
GC Heap History (20 events):
Event: 4.885 GC heap after
{Heap after GC invocations=19 (full 0):
 garbage-first heap   total 96256K, used 56451K [0x0000000080000000, 0x0000000100000000)
  region size 1024K, 3 young (3072K), 3 survivors (3072K)
 Metaspace       used 51081K, committed 51584K, reserved 1114112K
  class space    used 6733K, committed 6976K, reserved 1048576K
}
Event: 4.895 GC heap before
{Heap before GC invocations=19 (full 0):
 garbage-first heap   total 96256K, used 57475K [0x0000000080000000, 0x0000000100000000)
  region size 1024K, 4 young (4096K), 3 survivors (3072K)
 Metaspace       used 51189K, committed 51712K, reserved 1114112K
  class space    used 6750K, committed 6976K, reserved 1048576K
}
Event: 4.898 GC heap after
{Heap after GC invocations=20 (full 0):
 garbage-first heap   total 148480K, used 56136K [0x0000000080000000, 0x0000000100000000)
  region size 1024K, 1 young (1024K), 1 survivors (1024K)
 Metaspace       used 51189K, committed 51712K, reserved 1114112K
  class space    used 6750K, committed 6976K, reserved 1048576K
}
Event: 5.552 GC heap before
{Heap before GC invocations=20 (full 0):
 garbage-first heap   total 148480K, used 109384K [0x0000000080000000, 0x0000000100000000)
  region size 1024K, 53 young (54272K), 1 survivors (1024K)
 Metaspace       used 56341K, committed 56896K, reserved 1114112K
  class space    used 7624K, committed 7872K, reserved 1048576K
}
Event: 5.556 GC heap after
{Heap after GC invocations=21 (full 0):
 garbage-first heap   total 148480K, used 58902K [0x0000000080000000, 0x0000000100000000)
  region size 1024K, 3 young (3072K), 3 survivors (3072K)
 Metaspace       used 56341K, committed 56896K, reserved 1114112K
  class space    used 7624K, committed 7872K, reserved 1048576K
}
Event: 6.373 GC heap before
{Heap before GC invocations=21 (full 0):
 garbage-first heap   total 148480K, used 117270K [0x0000000080000000, 0x0000000100000000)
  region size 1024K, 60 young (61440K), 3 survivors (3072K)
 Metaspace       used 60963K, committed 61568K, reserved 1114112K
  class space    used 8317K, committed 8640K, reserved 1048576K
}
Event: 6.378 GC heap after
{Heap after GC invocations=22 (full 0):
 garbage-first heap   total 148480K, used 62903K [0x0000000080000000, 0x0000000100000000)
  region size 1024K, 7 young (7168K), 7 survivors (7168K)
 Metaspace       used 60963K, committed 61568K, reserved 1114112K
  class space    used 8317K, committed 8640K, reserved 1048576K
}
Event: 6.839 GC heap before
{Heap before GC invocations=22 (full 0):
 garbage-first heap   total 148480K, used 118199K [0x0000000080000000, 0x0000000100000000)
  region size 1024K, 61 young (62464K), 7 survivors (7168K)
 Metaspace       used 68760K, committed 69376K, reserved 1114112K
  class space    used 9828K, committed 10112K, reserved 1048576K
}
Event: 6.844 GC heap after
{Heap after GC invocations=23 (full 0):
 garbage-first heap   total 148480K, used 64668K [0x0000000080000000, 0x0000000100000000)
  region size 1024K, 6 young (6144K), 6 survivors (6144K)
 Metaspace       used 68760K, committed 69376K, reserved 1114112K
  class space    used 9828K, committed 10112K, reserved 1048576K
}
Event: 7.342 GC heap before
{Heap before GC invocations=23 (full 0):
 garbage-first heap   total 148480K, used 119964K [0x0000000080000000, 0x0000000100000000)
  region size 1024K, 60 young (61440K), 6 survivors (6144K)
 Metaspace       used 76712K, committed 77376K, reserved 1179648K
  class space    used 10816K, committed 11136K, reserved 1048576K
}
Event: 7.346 GC heap after
{Heap after GC invocations=24 (full 0):
 garbage-first heap   total 148480K, used 65844K [0x0000000080000000, 0x0000000100000000)
  region size 1024K, 3 young (3072K), 3 survivors (3072K)
 Metaspace       used 76712K, committed 77376K, reserved 1179648K
  class space    used 10816K, committed 11136K, reserved 1048576K
}
Event: 7.398 GC heap before
{Heap before GC invocations=24 (full 0):
 garbage-first heap   total 148480K, used 70964K [0x0000000080000000, 0x0000000100000000)
  region size 1024K, 9 young (9216K), 3 survivors (3072K)
 Metaspace       used 77603K, committed 78336K, reserved 1179648K
  class space    used 10943K, committed 11264K, reserved 1048576K
}
Event: 7.401 GC heap after
{Heap after GC invocations=25 (full 0):
 garbage-first heap   total 148480K, used 65610K [0x0000000080000000, 0x0000000100000000)
  region size 1024K, 3 young (3072K), 3 survivors (3072K)
 Metaspace       used 77603K, committed 78336K, reserved 1179648K
  class space    used 10943K, committed 11264K, reserved 1048576K
}
Event: 7.404 GC heap before
{Heap before GC invocations=25 (full 0):
 garbage-first heap   total 148480K, used 71754K [0x0000000080000000, 0x0000000100000000)
  region size 1024K, 4 young (4096K), 3 survivors (3072K)
 Metaspace       used 77603K, committed 78336K, reserved 1179648K
  class space    used 10943K, committed 11264K, reserved 1048576K
}
Event: 7.408 GC heap after
{Heap after GC invocations=26 (full 0):
 garbage-first heap   total 148480K, used 71777K [0x0000000080000000, 0x0000000100000000)
  region size 1024K, 3 young (3072K), 3 survivors (3072K)
 Metaspace       used 77603K, committed 78336K, reserved 1179648K
  class space    used 10943K, committed 11264K, reserved 1048576K
}
Event: 7.695 GC heap before
{Heap before GC invocations=27 (full 0):
 garbage-first heap   total 148480K, used 129121K [0x0000000080000000, 0x0000000100000000)
  region size 1024K, 55 young (56320K), 3 survivors (3072K)
 Metaspace       used 77923K, committed 78656K, reserved 1179648K
  class space    used 10951K, committed 11264K, reserved 1048576K
}
Event: 7.709 GC heap after
{Heap after GC invocations=28 (full 0):
 garbage-first heap   total 148480K, used 80499K [0x0000000080000000, 0x0000000100000000)
  region size 1024K, 7 young (7168K), 7 survivors (7168K)
 Metaspace       used 77923K, committed 78656K, reserved 1179648K
  class space    used 10951K, committed 11264K, reserved 1048576K
}
Event: 7.721 GC heap before
{Heap before GC invocations=28 (full 0):
 garbage-first heap   total 148480K, used 81523K [0x0000000080000000, 0x0000000100000000)
  region size 1024K, 8 young (8192K), 7 survivors (7168K)
 Metaspace       used 77923K, committed 78656K, reserved 1179648K
  class space    used 10951K, committed 11264K, reserved 1048576K
}
Event: 7.729 GC heap after
{Heap after GC invocations=29 (full 0):
 garbage-first heap   total 148480K, used 81834K [0x0000000080000000, 0x0000000100000000)
  region size 1024K, 1 young (1024K), 1 survivors (1024K)
 Metaspace       used 77923K, committed 78656K, reserved 1179648K
  class space    used 10951K, committed 11264K, reserved 1048576K
}
Event: 7.975 GC heap before
{Heap before GC invocations=29 (full 0):
 garbage-first heap   total 148480K, used 117674K [0x0000000080000000, 0x0000000100000000)
  region size 1024K, 36 young (36864K), 1 survivors (1024K)
 Metaspace       used 79931K, committed 80576K, reserved 1179648K
  class space    used 11222K, committed 11520K, reserved 1048576K
}

