# JRE version: OpenJDK Runtime Environment (17.0.9) (build 17.0.9+0--11185874)
# Java VM: OpenJDK 64-Bit Server VM (17.0.9+0--11185874, mixed mode, tiered, compressed oops, compressed class ptrs, g1 gc, windows-amd64)
GC Precious Log:
 CPUs: 8 total, 8 available
 Memory: 12010M
 Large Page Support: Disabled
 NUMA Support: Disabled
 Compressed Oops: Enabled (32-bit)
 Heap Region Size: 1M
 Heap Min Capacity: 8M
 Heap Initial Capacity: 188M
 Heap Max Capacity: 2G
 Pre-touch: Disabled
 Parallel Workers: 8
 Concurrent Workers: 2
 Concurrent Refinement Workers: 8
 Periodic GC: Disabled
Heap:
 garbage-first heap   total 90112K, used 44023K [0x0000000080000000, 0x0000000100000000)
  region size 1024K, 3 young (3072K), 3 survivors (3072K)
 Metaspace       used 63105K, committed 63552K, reserved 1114112K
  class space    used 8745K, committed 8960K, reserved 1048576K
GC Heap History (20 events):
Event: 2.156 GC heap after
{Heap after GC invocations=7 (full 0):
 garbage-first heap   total 99328K, used 22156K [0x0000000080000000, 0x0000000100000000)
  region size 1024K, 2 young (2048K), 2 survivors (2048K)
 Metaspace       used 30658K, committed 30976K, reserved 1114112K
  class space    used 4087K, committed 4224K, reserved 1048576K
}
Event: 2.537 GC heap before
{Heap before GC invocations=7 (full 0):
 garbage-first heap   total 99328K, used 59020K [0x0000000080000000, 0x0000000100000000)
  region size 1024K, 39 young (39936K), 2 survivors (2048K)
 Metaspace       used 35622K, committed 35968K, reserved 1114112K
  class space    used 4859K, committed 5056K, reserved 1048576K
}
Event: 2.540 GC heap after
{Heap after GC invocations=8 (full 0):
 garbage-first heap   total 99328K, used 23641K [0x0000000080000000, 0x0000000100000000)
  region size 1024K, 4 young (4096K), 4 survivors (4096K)
 Metaspace       used 35622K, committed 35968K, reserved 1114112K
  class space    used 4859K, committed 5056K, reserved 1048576K
}
Event: 2.981 GC heap before
{Heap before GC invocations=9 (full 0):
 garbage-first heap   total 86016K, used 69721K [0x0000000080000000, 0x0000000100000000)
  region size 1024K, 50 young (51200K), 4 survivors (4096K)
 Metaspace       used 41882K, committed 42240K, reserved 1114112K
  class space    used 5581K, committed 5760K, reserved 1048576K
}
Event: 2.987 GC heap after
{Heap after GC invocations=10 (full 0):
 garbage-first heap   total 86016K, used 28138K [0x0000000080000000, 0x0000000100000000)
  region size 1024K, 7 young (7168K), 7 survivors (7168K)
 Metaspace       used 41882K, committed 42240K, reserved 1114112K
  class space    used 5581K, committed 5760K, reserved 1048576K
}
Event: 2.989 GC heap before
{Heap before GC invocations=10 (full 0):
 garbage-first heap   total 86016K, used 29162K [0x0000000080000000, 0x0000000100000000)
  region size 1024K, 8 young (8192K), 7 survivors (7168K)
 Metaspace       used 41882K, committed 42240K, reserved 1114112K
  class space    used 5581K, committed 5760K, reserved 1048576K
}
Event: 2.994 GC heap after
{Heap after GC invocations=11 (full 0):
 garbage-first heap   total 86016K, used 27951K [0x0000000080000000, 0x0000000100000000)
  region size 1024K, 1 young (1024K), 1 survivors (1024K)
 Metaspace       used 41882K, committed 42240K, reserved 1114112K
  class space    used 5581K, committed 5760K, reserved 1048576K
}
Event: 3.364 GC heap before
{Heap before GC invocations=11 (full 0):
 garbage-first heap   total 86016K, used 65839K [0x0000000080000000, 0x0000000100000000)
  region size 1024K, 37 young (37888K), 1 survivors (1024K)
 Metaspace       used 47539K, committed 47936K, reserved 1114112K
  class space    used 6727K, committed 6912K, reserved 1048576K
}
Event: 3.365 GC heap after
{Heap after GC invocations=12 (full 0):
 garbage-first heap   total 86016K, used 29853K [0x0000000080000000, 0x0000000100000000)
  region size 1024K, 2 young (2048K), 2 survivors (2048K)
 Metaspace       used 47539K, committed 47936K, reserved 1114112K
  class space    used 6727K, committed 6912K, reserved 1048576K
}
Event: 3.635 GC heap before
{Heap before GC invocations=12 (full 0):
 garbage-first heap   total 86016K, used 66717K [0x0000000080000000, 0x0000000100000000)
  region size 1024K, 38 young (38912K), 2 survivors (2048K)
 Metaspace       used 52121K, committed 52544K, reserved 1114112K
  class space    used 7359K, committed 7552K, reserved 1048576K
}
Event: 3.638 GC heap after
{Heap after GC invocations=13 (full 0):
 garbage-first heap   total 86016K, used 30648K [0x0000000080000000, 0x0000000100000000)
  region size 1024K, 3 young (3072K), 3 survivors (3072K)
 Metaspace       used 52121K, committed 52544K, reserved 1114112K
  class space    used 7359K, committed 7552K, reserved 1048576K
}
Event: 3.944 GC heap before
{Heap before GC invocations=13 (full 0):
 garbage-first heap   total 86016K, used 67512K [0x0000000080000000, 0x0000000100000000)
  region size 1024K, 39 young (39936K), 3 survivors (3072K)
 Metaspace       used 57605K, committed 57984K, reserved 1114112K
  class space    used 8025K, committed 8192K, reserved 1048576K
}
Event: 3.947 GC heap after
{Heap after GC invocations=14 (full 0):
 garbage-first heap   total 86016K, used 31738K [0x0000000080000000, 0x0000000100000000)
  region size 1024K, 3 young (3072K), 3 survivors (3072K)
 Metaspace       used 57605K, committed 57984K, reserved 1114112K
  class space    used 8025K, committed 8192K, reserved 1048576K
}
Event: 4.061 GC heap before
{Heap before GC invocations=14 (full 0):
 garbage-first heap   total 86016K, used 46074K [0x0000000080000000, 0x0000000100000000)
  region size 1024K, 18 young (18432K), 3 survivors (3072K)
 Metaspace       used 59785K, committed 60160K, reserved 1114112K
  class space    used 8331K, committed 8512K, reserved 1048576K
}
Event: 4.064 GC heap after
{Heap after GC invocations=15 (full 0):
 garbage-first heap   total 86016K, used 31869K [0x0000000080000000, 0x0000000100000000)
  region size 1024K, 3 young (3072K), 3 survivors (3072K)
 Metaspace       used 59785K, committed 60160K, reserved 1114112K
  class space    used 8331K, committed 8512K, reserved 1048576K
}
Event: 4.297 GC heap before
{Heap before GC invocations=16 (full 0):
 garbage-first heap   total 86016K, used 76925K [0x0000000080000000, 0x0000000100000000)
  region size 1024K, 40 young (40960K), 3 survivors (3072K)
 Metaspace       used 61878K, committed 62464K, reserved 1114112K
  class space    used 8583K, committed 8832K, reserved 1048576K
}
Event: 4.309 GC heap after
{Heap after GC invocations=17 (full 0):
 garbage-first heap   total 90112K, used 48939K [0x0000000080000000, 0x0000000100000000)
  region size 1024K, 5 young (5120K), 5 survivors (5120K)
 Metaspace       used 61878K, committed 62464K, reserved 1114112K
  class space    used 8583K, committed 8832K, reserved 1048576K
}
Event: 4.323 GC heap before
{Heap before GC invocations=17 (full 0):
 garbage-first heap   total 90112K, used 49963K [0x0000000080000000, 0x0000000100000000)
  region size 1024K, 6 young (6144K), 5 survivors (5120K)
 Metaspace       used 61885K, committed 62464K, reserved 1114112K
  class space    used 8584K, committed 8832K, reserved 1048576K
}
Event: 4.331 GC heap after
{Heap after GC invocations=18 (full 0):
 garbage-first heap   total 90112K, used 49112K [0x0000000080000000, 0x0000000100000000)
  region size 1024K, 1 young (1024K), 1 survivors (1024K)
 Metaspace       used 61885K, committed 62464K, reserved 1114112K
  class space    used 8584K, committed 8832K, reserved 1048576K
}
Event: 4.456 GC heap before
{Heap before GC invocations=18 (full 0):
 garbage-first heap   total 90112K, used 68568K [0x0000000080000000, 0x0000000100000000)
  region size 1024K, 20 young (20480K), 1 survivors (1024K)
 Metaspace       used 63105K, committed 63552K, reserved 1114112K
  class space    used 8745K, committed 8960K, reserved 1048576K
}

