# JRE version: OpenJDK Runtime Environment (17.0.9) (build 17.0.9+0--11185874)
# Java VM: OpenJDK 64-Bit Server VM (17.0.9+0--11185874, mixed mode, tiered, compressed oops, compressed class ptrs, g1 gc, windows-amd64)
GC Precious Log:
 CPUs: 8 total, 8 available
 Memory: 12010M
 Large Page Support: Disabled
 NUMA Support: Disabled
 Compressed Oops: Enabled (32-bit)
 Heap Region Size: 1M
 Heap Min Capacity: 8M
 Heap Initial Capacity: 188M
 Heap Max Capacity: 2G
 Pre-touch: Disabled
 Parallel Workers: 8
 Concurrent Workers: 2
 Concurrent Refinement Workers: 8
 Periodic GC: Disabled
Heap:
 garbage-first heap   total 101376K, used 57027K [0x0000000080000000, 0x0000000100000000)
  region size 1024K, 3 young (3072K), 3 survivors (3072K)
 Metaspace       used 66316K, committed 66944K, reserved 1114112K
  class space    used 9231K, committed 9472K, reserved 1048576K
GC Heap History (20 events):
Event: 3.711 GC heap after
{Heap after GC invocations=11 (full 0):
 garbage-first heap   total 86016K, used 44976K [0x0000000080000000, 0x0000000100000000)
  region size 1024K, 3 young (3072K), 3 survivors (3072K)
 Metaspace       used 43419K, committed 43776K, reserved 1114112K
  class space    used 5826K, committed 6016K, reserved 1048576K
}
Event: 3.789 GC heap before
{Heap before GC invocations=12 (full 0):
 garbage-first heap   total 86016K, used 53168K [0x0000000080000000, 0x0000000100000000)
  region size 1024K, 13 young (13312K), 3 survivors (3072K)
 Metaspace       used 43866K, committed 44288K, reserved 1114112K
  class space    used 5873K, committed 6080K, reserved 1048576K
}
Event: 3.792 GC heap after
{Heap after GC invocations=13 (full 0):
 garbage-first heap   total 86016K, used 45450K [0x0000000080000000, 0x0000000100000000)
  region size 1024K, 2 young (2048K), 2 survivors (2048K)
 Metaspace       used 43866K, committed 44288K, reserved 1114112K
  class space    used 5873K, committed 6080K, reserved 1048576K
}
Event: 4.056 GC heap before
{Heap before GC invocations=14 (full 0):
 garbage-first heap   total 89088K, used 72074K [0x0000000080000000, 0x0000000100000000)
  region size 1024K, 23 young (23552K), 2 survivors (2048K)
 Metaspace       used 46934K, committed 47424K, reserved 1114112K
  class space    used 6233K, committed 6464K, reserved 1048576K
}
Event: 4.058 GC heap after
{Heap after GC invocations=15 (full 0):
 garbage-first heap   total 89088K, used 46624K [0x0000000080000000, 0x0000000100000000)
  region size 1024K, 2 young (2048K), 2 survivors (2048K)
 Metaspace       used 46934K, committed 47424K, reserved 1114112K
  class space    used 6233K, committed 6464K, reserved 1048576K
}
Event: 4.305 GC heap before
{Heap before GC invocations=15 (full 0):
 garbage-first heap   total 89088K, used 66080K [0x0000000080000000, 0x0000000100000000)
  region size 1024K, 22 young (22528K), 2 survivors (2048K)
 Metaspace       used 48474K, committed 48960K, reserved 1114112K
  class space    used 6472K, committed 6720K, reserved 1048576K
}
Event: 4.309 GC heap after
{Heap after GC invocations=16 (full 0):
 garbage-first heap   total 89088K, used 48921K [0x0000000080000000, 0x0000000100000000)
  region size 1024K, 4 young (4096K), 4 survivors (4096K)
 Metaspace       used 48474K, committed 48960K, reserved 1114112K
  class space    used 6472K, committed 6720K, reserved 1048576K
}
Event: 4.357 GC heap before
{Heap before GC invocations=17 (full 0):
 garbage-first heap   total 92160K, used 55065K [0x0000000080000000, 0x0000000100000000)
  region size 1024K, 9 young (9216K), 4 survivors (4096K)
 Metaspace       used 48780K, committed 49280K, reserved 1114112K
  class space    used 6497K, committed 6720K, reserved 1048576K
}
Event: 4.360 GC heap after
{Heap after GC invocations=18 (full 0):
 garbage-first heap   total 92160K, used 53592K [0x0000000080000000, 0x0000000100000000)
  region size 1024K, 2 young (2048K), 2 survivors (2048K)
 Metaspace       used 48780K, committed 49280K, reserved 1114112K
  class space    used 6497K, committed 6720K, reserved 1048576K
}
Event: 4.728 GC heap before
{Heap before GC invocations=19 (full 0):
 garbage-first heap   total 97280K, used 72024K [0x0000000080000000, 0x0000000100000000)
  region size 1024K, 19 young (19456K), 2 survivors (2048K)
 Metaspace       used 51039K, committed 51584K, reserved 1114112K
  class space    used 6725K, committed 6976K, reserved 1048576K
}
Event: 4.731 GC heap after
{Heap after GC invocations=20 (full 0):
 garbage-first heap   total 97280K, used 53909K [0x0000000080000000, 0x0000000100000000)
  region size 1024K, 2 young (2048K), 2 survivors (2048K)
 Metaspace       used 51039K, committed 51584K, reserved 1114112K
  class space    used 6725K, committed 6976K, reserved 1048576K
}
Event: 4.914 GC heap before
{Heap before GC invocations=20 (full 0):
 garbage-first heap   total 97280K, used 75413K [0x0000000080000000, 0x0000000100000000)
  region size 1024K, 23 young (23552K), 2 survivors (2048K)
 Metaspace       used 52458K, committed 52992K, reserved 1114112K
  class space    used 6947K, committed 7168K, reserved 1048576K
}
Event: 4.917 GC heap after
{Heap after GC invocations=21 (full 0):
 garbage-first heap   total 97280K, used 54679K [0x0000000080000000, 0x0000000100000000)
  region size 1024K, 3 young (3072K), 3 survivors (3072K)
 Metaspace       used 52458K, committed 52992K, reserved 1114112K
  class space    used 6947K, committed 7168K, reserved 1048576K
}
Event: 5.170 GC heap before
{Heap before GC invocations=22 (full 0):
 garbage-first heap   total 97280K, used 77207K [0x0000000080000000, 0x0000000100000000)
  region size 1024K, 25 young (25600K), 3 survivors (3072K)
 Metaspace       used 56497K, committed 57024K, reserved 1114112K
  class space    used 7942K, committed 8192K, reserved 1048576K
}
Event: 5.172 GC heap after
{Heap after GC invocations=23 (full 0):
 garbage-first heap   total 97280K, used 55288K [0x0000000080000000, 0x0000000100000000)
  region size 1024K, 3 young (3072K), 3 survivors (3072K)
 Metaspace       used 56497K, committed 57024K, reserved 1114112K
  class space    used 7942K, committed 8192K, reserved 1048576K
}
Event: 5.319 GC heap before
{Heap before GC invocations=23 (full 0):
 garbage-first heap   total 97280K, used 78840K [0x0000000080000000, 0x0000000100000000)
  region size 1024K, 26 young (26624K), 3 survivors (3072K)
 Metaspace       used 59287K, committed 59840K, reserved 1114112K
  class space    used 8324K, committed 8576K, reserved 1048576K
}
Event: 5.322 GC heap after
{Heap after GC invocations=24 (full 0):
 garbage-first heap   total 97280K, used 55904K [0x0000000080000000, 0x0000000100000000)
  region size 1024K, 2 young (2048K), 2 survivors (2048K)
 Metaspace       used 59287K, committed 59840K, reserved 1114112K
  class space    used 8324K, committed 8576K, reserved 1048576K
}
Event: 5.508 GC heap before
{Heap before GC invocations=25 (full 0):
 garbage-first heap   total 101376K, used 79456K [0x0000000080000000, 0x0000000100000000)
  region size 1024K, 25 young (25600K), 2 survivors (2048K)
 Metaspace       used 62367K, committed 62912K, reserved 1114112K
  class space    used 8732K, committed 8960K, reserved 1048576K
}
Event: 5.510 GC heap after
{Heap after GC invocations=26 (full 0):
 garbage-first heap   total 101376K, used 56436K [0x0000000080000000, 0x0000000100000000)
  region size 1024K, 3 young (3072K), 3 survivors (3072K)
 Metaspace       used 62367K, committed 62912K, reserved 1114112K
  class space    used 8732K, committed 8960K, reserved 1048576K
}
Event: 5.748 GC heap before
{Heap before GC invocations=26 (full 0):
 garbage-first heap   total 101376K, used 83060K [0x0000000080000000, 0x0000000100000000)
  region size 1024K, 29 young (29696K), 3 survivors (3072K)
 Metaspace       used 66316K, committed 66944K, reserved 1114112K
  class space    used 9231K, committed 9472K, reserved 1048576K
}

