# JRE version: OpenJDK Runtime Environment (17.0.9) (build 17.0.9+0--11185874)
# Java VM: OpenJDK 64-Bit Server VM (17.0.9+0--11185874, mixed mode, tiered, compressed oops, compressed class ptrs, g1 gc, windows-amd64)
GC Precious Log:
 CPUs: 8 total, 8 available
 Memory: 12010M
 Large Page Support: Disabled
 NUMA Support: Disabled
 Compressed Oops: Enabled (32-bit)
 Heap Region Size: 1M
 Heap Min Capacity: 8M
 Heap Initial Capacity: 188M
 Heap Max Capacity: 2G
 Pre-touch: Disabled
 Parallel Workers: 8
 Concurrent Workers: 2
 Concurrent Refinement Workers: 8
 Periodic GC: Disabled
Heap:
 garbage-first heap   total 132096K, used 77350K [0x0000000080000000, 0x0000000100000000)
  region size 1024K, 10 young (10240K), 2 survivors (2048K)
 Metaspace       used 95489K, committed 96000K, reserved 1179648K
  class space    used 12363K, committed 12608K, reserved 1048576K
GC Heap History (20 events):
Event: 5.172 GC heap before
{Heap before GC invocations=20 (full 0):
 garbage-first heap   total 108544K, used 81181K [0x0000000080000000, 0x0000000100000000)
  region size 1024K, 29 young (29696K), 2 survivors (2048K)
 Metaspace       used 68914K, committed 69376K, reserved 1114112K
  class space    used 9389K, committed 9600K, reserved 1048576K
}
Event: 5.175 GC heap after
{Heap after GC invocations=21 (full 0):
 garbage-first heap   total 108544K, used 55404K [0x0000000080000000, 0x0000000100000000)
  region size 1024K, 4 young (4096K), 4 survivors (4096K)
 Metaspace       used 68914K, committed 69376K, reserved 1114112K
  class space    used 9389K, committed 9600K, reserved 1048576K
}
Event: 5.355 GC heap before
{Heap before GC invocations=21 (full 0):
 garbage-first heap   total 108544K, used 83052K [0x0000000080000000, 0x0000000100000000)
  region size 1024K, 31 young (31744K), 4 survivors (4096K)
 Metaspace       used 72279K, committed 72832K, reserved 1114112K
  class space    used 9676K, committed 9920K, reserved 1048576K
}
Event: 5.359 GC heap after
{Heap after GC invocations=22 (full 0):
 garbage-first heap   total 108544K, used 57881K [0x0000000080000000, 0x0000000100000000)
  region size 1024K, 3 young (3072K), 3 survivors (3072K)
 Metaspace       used 72279K, committed 72832K, reserved 1114112K
  class space    used 9676K, committed 9920K, reserved 1048576K
}
Event: 5.587 GC heap before
{Heap before GC invocations=23 (full 0):
 garbage-first heap   total 108544K, used 84505K [0x0000000080000000, 0x0000000100000000)
  region size 1024K, 29 young (29696K), 3 survivors (3072K)
 Metaspace       used 75735K, committed 76224K, reserved 1179648K
  class space    used 10093K, committed 10304K, reserved 1048576K
}
Event: 5.589 GC heap after
{Heap after GC invocations=24 (full 0):
 garbage-first heap   total 108544K, used 58183K [0x0000000080000000, 0x0000000100000000)
  region size 1024K, 2 young (2048K), 2 survivors (2048K)
 Metaspace       used 75735K, committed 76224K, reserved 1179648K
  class space    used 10093K, committed 10304K, reserved 1048576K
}
Event: 5.618 GC heap before
{Heap before GC invocations=24 (full 0):
 garbage-first heap   total 108544K, used 61255K [0x0000000080000000, 0x0000000100000000)
  region size 1024K, 5 young (5120K), 2 survivors (2048K)
 Metaspace       used 76107K, committed 76608K, reserved 1179648K
  class space    used 10142K, committed 10368K, reserved 1048576K
}
Event: 5.620 GC heap after
{Heap after GC invocations=25 (full 0):
 garbage-first heap   total 108544K, used 57653K [0x0000000080000000, 0x0000000100000000)
  region size 1024K, 1 young (1024K), 1 survivors (1024K)
 Metaspace       used 76107K, committed 76608K, reserved 1179648K
  class space    used 10142K, committed 10368K, reserved 1048576K
}
Event: 5.857 GC heap before
{Heap before GC invocations=25 (full 0):
 garbage-first heap   total 108544K, used 85301K [0x0000000080000000, 0x0000000100000000)
  region size 1024K, 28 young (28672K), 1 survivors (1024K)
 Metaspace       used 79784K, committed 80256K, reserved 1179648K
  class space    used 10625K, committed 10880K, reserved 1048576K
}
Event: 5.860 GC heap after
{Heap after GC invocations=26 (full 0):
 garbage-first heap   total 132096K, used 59251K [0x0000000080000000, 0x0000000100000000)
  region size 1024K, 2 young (2048K), 2 survivors (2048K)
 Metaspace       used 79784K, committed 80256K, reserved 1179648K
  class space    used 10625K, committed 10880K, reserved 1048576K
}
Event: 6.136 GC heap before
{Heap before GC invocations=27 (full 0):
 garbage-first heap   total 132096K, used 105331K [0x0000000080000000, 0x0000000100000000)
  region size 1024K, 46 young (47104K), 2 survivors (2048K)
 Metaspace       used 81871K, committed 82368K, reserved 1179648K
  class space    used 10863K, committed 11072K, reserved 1048576K
}
Event: 6.141 GC heap after
{Heap after GC invocations=28 (full 0):
 garbage-first heap   total 132096K, used 62119K [0x0000000080000000, 0x0000000100000000)
  region size 1024K, 5 young (5120K), 5 survivors (5120K)
 Metaspace       used 81871K, committed 82368K, reserved 1179648K
  class space    used 10863K, committed 11072K, reserved 1048576K
}
Event: 6.150 GC heap before
{Heap before GC invocations=28 (full 0):
 garbage-first heap   total 132096K, used 63143K [0x0000000080000000, 0x0000000100000000)
  region size 1024K, 6 young (6144K), 5 survivors (5120K)
 Metaspace       used 81986K, committed 82496K, reserved 1179648K
  class space    used 10875K, committed 11072K, reserved 1048576K
}
Event: 6.153 GC heap after
{Heap after GC invocations=29 (full 0):
 garbage-first heap   total 132096K, used 62304K [0x0000000080000000, 0x0000000100000000)
  region size 1024K, 1 young (1024K), 1 survivors (1024K)
 Metaspace       used 81986K, committed 82496K, reserved 1179648K
  class space    used 10875K, committed 11072K, reserved 1048576K
}
Event: 6.525 GC heap before
{Heap before GC invocations=29 (full 0):
 garbage-first heap   total 132096K, used 105312K [0x0000000080000000, 0x0000000100000000)
  region size 1024K, 43 young (44032K), 1 survivors (1024K)
 Metaspace       used 84683K, committed 85184K, reserved 1179648K
  class space    used 11165K, committed 11392K, reserved 1048576K
}
Event: 6.531 GC heap after
{Heap after GC invocations=30 (full 0):
 garbage-first heap   total 132096K, used 65229K [0x0000000080000000, 0x0000000100000000)
  region size 1024K, 4 young (4096K), 4 survivors (4096K)
 Metaspace       used 84683K, committed 85184K, reserved 1179648K
  class space    used 11165K, committed 11392K, reserved 1048576K
}
Event: 6.948 GC heap before
{Heap before GC invocations=31 (full 0):
 garbage-first heap   total 132096K, used 106189K [0x0000000080000000, 0x0000000100000000)
  region size 1024K, 44 young (45056K), 4 survivors (4096K)
 Metaspace       used 89149K, committed 89664K, reserved 1179648K
  class space    used 11626K, committed 11840K, reserved 1048576K
}
Event: 6.953 GC heap after
{Heap after GC invocations=32 (full 0):
 garbage-first heap   total 132096K, used 68745K [0x0000000080000000, 0x0000000100000000)
  region size 1024K, 4 young (4096K), 4 survivors (4096K)
 Metaspace       used 89149K, committed 89664K, reserved 1179648K
  class space    used 11626K, committed 11840K, reserved 1048576K
}
Event: 7.286 GC heap before
{Heap before GC invocations=32 (full 0):
 garbage-first heap   total 132096K, used 106633K [0x0000000080000000, 0x0000000100000000)
  region size 1024K, 41 young (41984K), 4 survivors (4096K)
 Metaspace       used 94214K, committed 94720K, reserved 1179648K
  class space    used 12227K, committed 12480K, reserved 1048576K
}
Event: 7.289 GC heap after
{Heap after GC invocations=33 (full 0):
 garbage-first heap   total 132096K, used 70182K [0x0000000080000000, 0x0000000100000000)
  region size 1024K, 2 young (2048K), 2 survivors (2048K)
 Metaspace       used 94214K, committed 94720K, reserved 1179648K
  class space    used 12227K, committed 12480K, reserved 1048576K
}

