# JRE version: OpenJDK Runtime Environment (17.0.9) (build 17.0.9+0--11185874)
# Java VM: OpenJDK 64-Bit Server VM (17.0.9+0--11185874, mixed mode, tiered, compressed oops, compressed class ptrs, g1 gc, windows-amd64)
GC Precious Log:
 CPUs: 8 total, 8 available
 Memory: 12010M
 Large Page Support: Disabled
 NUMA Support: Disabled
 Compressed Oops: Enabled (32-bit)
 Heap Region Size: 1M
 Heap Min Capacity: 8M
 Heap Initial Capacity: 188M
 Heap Max Capacity: 2G
 Pre-touch: Disabled
 Parallel Workers: 8
 Concurrent Workers: 2
 Concurrent Refinement Workers: 8
 Periodic GC: Disabled
Heap:
 garbage-first heap   total 286720K, used 178435K [0x0000000080000000, 0x0000000100000000)
  region size 1024K, 9 young (9216K), 9 survivors (9216K)
 Metaspace       used 166792K, committed 167744K, reserved 1245184K
  class space    used 21739K, committed 22208K, reserved 1048576K
GC Heap History (20 events):
Event: 18.538 GC heap after
{Heap after GC invocations=51 (full 0):
 garbage-first heap   total 280576K, used 140073K [0x0000000080000000, 0x0000000100000000)
  region size 1024K, 2 young (2048K), 2 survivors (2048K)
 Metaspace       used 150455K, committed 151296K, reserved 1245184K
  class space    used 19525K, committed 19968K, reserved 1048576K
}
Event: 18.598 GC heap before
{Heap before GC invocations=51 (full 0):
 garbage-first heap   total 280576K, used 146217K [0x0000000080000000, 0x0000000100000000)
  region size 1024K, 9 young (9216K), 2 survivors (2048K)
 Metaspace       used 150538K, committed 151424K, reserved 1245184K
  class space    used 19526K, committed 19968K, reserved 1048576K
}
Event: 18.601 GC heap after
{Heap after GC invocations=52 (full 0):
 garbage-first heap   total 280576K, used 141545K [0x0000000080000000, 0x0000000100000000)
  region size 1024K, 4 young (4096K), 4 survivors (4096K)
 Metaspace       used 150538K, committed 151424K, reserved 1245184K
  class space    used 19526K, committed 19968K, reserved 1048576K
}
Event: 18.996 GC heap before
{Heap before GC invocations=53 (full 0):
 garbage-first heap   total 286720K, used 214249K [0x0000000080000000, 0x0000000100000000)
  region size 1024K, 74 young (75776K), 4 survivors (4096K)
 Metaspace       used 151050K, committed 151872K, reserved 1245184K
  class space    used 19567K, committed 19968K, reserved 1048576K
}
Event: 19.004 GC heap after
{Heap after GC invocations=54 (full 0):
 garbage-first heap   total 286720K, used 148337K [0x0000000080000000, 0x0000000100000000)
  region size 1024K, 10 young (10240K), 10 survivors (10240K)
 Metaspace       used 151050K, committed 151872K, reserved 1245184K
  class space    used 19567K, committed 19968K, reserved 1048576K
}
Event: 19.077 GC heap before
{Heap before GC invocations=54 (full 0):
 garbage-first heap   total 286720K, used 152433K [0x0000000080000000, 0x0000000100000000)
  region size 1024K, 14 young (14336K), 10 survivors (10240K)
 Metaspace       used 151220K, committed 152064K, reserved 1245184K
  class space    used 19575K, committed 19968K, reserved 1048576K
}
Event: 19.085 GC heap after
{Heap after GC invocations=55 (full 0):
 garbage-first heap   total 286720K, used 146940K [0x0000000080000000, 0x0000000100000000)
  region size 1024K, 2 young (2048K), 2 survivors (2048K)
 Metaspace       used 151220K, committed 152064K, reserved 1245184K
  class space    used 19575K, committed 19968K, reserved 1048576K
}
Event: 20.460 GC heap before
{Heap before GC invocations=55 (full 0):
 garbage-first heap   total 286720K, used 213500K [0x0000000080000000, 0x0000000100000000)
  region size 1024K, 68 young (69632K), 2 survivors (2048K)
 Metaspace       used 156132K, committed 157056K, reserved 1245184K
  class space    used 20050K, committed 20480K, reserved 1048576K
}
Event: 20.467 GC heap after
{Heap after GC invocations=56 (full 0):
 garbage-first heap   total 286720K, used 150997K [0x0000000080000000, 0x0000000100000000)
  region size 1024K, 6 young (6144K), 6 survivors (6144K)
 Metaspace       used 156132K, committed 157056K, reserved 1245184K
  class space    used 20050K, committed 20480K, reserved 1048576K
}
Event: 21.741 GC heap before
{Heap before GC invocations=57 (full 0):
 garbage-first heap   total 286720K, used 226773K [0x0000000080000000, 0x0000000100000000)
  region size 1024K, 79 young (80896K), 6 survivors (6144K)
 Metaspace       used 161332K, committed 162304K, reserved 1245184K
  class space    used 20963K, committed 21440K, reserved 1048576K
}
Event: 21.750 GC heap after
{Heap after GC invocations=58 (full 0):
 garbage-first heap   total 286720K, used 153503K [0x0000000080000000, 0x0000000100000000)
  region size 1024K, 8 young (8192K), 8 survivors (8192K)
 Metaspace       used 161332K, committed 162304K, reserved 1245184K
  class space    used 20963K, committed 21440K, reserved 1048576K
}
Event: 21.922 GC heap before
{Heap before GC invocations=58 (full 0):
 garbage-first heap   total 286720K, used 159647K [0x0000000080000000, 0x0000000100000000)
  region size 1024K, 14 young (14336K), 8 survivors (8192K)
 Metaspace       used 161957K, committed 162944K, reserved 1245184K
  class space    used 21043K, committed 21504K, reserved 1048576K
}
Event: 21.932 GC heap after
{Heap after GC invocations=59 (full 0):
 garbage-first heap   total 286720K, used 145551K [0x0000000080000000, 0x0000000100000000)
  region size 1024K, 2 young (2048K), 2 survivors (2048K)
 Metaspace       used 161957K, committed 162944K, reserved 1245184K
  class space    used 21043K, committed 21504K, reserved 1048576K
}
Event: 22.002 GC heap before
{Heap before GC invocations=59 (full 0):
 garbage-first heap   total 286720K, used 147599K [0x0000000080000000, 0x0000000100000000)
  region size 1024K, 5 young (5120K), 2 survivors (2048K)
 Metaspace       used 162373K, committed 163264K, reserved 1245184K
  class space    used 21092K, committed 21504K, reserved 1048576K
}
Event: 22.004 GC heap after
{Heap after GC invocations=60 (full 0):
 garbage-first heap   total 286720K, used 145085K [0x0000000080000000, 0x0000000100000000)
  region size 1024K, 1 young (1024K), 1 survivors (1024K)
 Metaspace       used 162373K, committed 163264K, reserved 1245184K
  class space    used 21092K, committed 21504K, reserved 1048576K
}
Event: 23.329 GC heap before
{Heap before GC invocations=61 (full 0):
 garbage-first heap   total 286720K, used 240317K [0x0000000080000000, 0x0000000100000000)
  region size 1024K, 85 young (87040K), 1 survivors (1024K)
 Metaspace       used 166769K, committed 167744K, reserved 1245184K
  class space    used 21738K, committed 22208K, reserved 1048576K
}
Event: 23.343 GC heap after
{Heap after GC invocations=62 (full 0):
 garbage-first heap   total 286720K, used 171142K [0x0000000080000000, 0x0000000100000000)
  region size 1024K, 11 young (11264K), 11 survivors (11264K)
 Metaspace       used 166769K, committed 167744K, reserved 1245184K
  class space    used 21738K, committed 22208K, reserved 1048576K
}
Event: 23.358 GC heap before
{Heap before GC invocations=62 (full 0):
 garbage-first heap   total 286720K, used 174214K [0x0000000080000000, 0x0000000100000000)
  region size 1024K, 14 young (14336K), 11 survivors (11264K)
 Metaspace       used 166769K, committed 167744K, reserved 1245184K
  class space    used 21738K, committed 22208K, reserved 1048576K
}
Event: 23.369 GC heap after
{Heap after GC invocations=63 (full 0):
 garbage-first heap   total 286720K, used 166964K [0x0000000080000000, 0x0000000100000000)
  region size 1024K, 2 young (2048K), 2 survivors (2048K)
 Metaspace       used 166769K, committed 167744K, reserved 1245184K
  class space    used 21738K, committed 22208K, reserved 1048576K
}
Event: 24.524 GC heap before
{Heap before GC invocations=63 (full 0):
 garbage-first heap   total 286720K, used 232500K [0x0000000080000000, 0x0000000100000000)
  region size 1024K, 67 young (68608K), 2 survivors (2048K)
 Metaspace       used 166792K, committed 167744K, reserved 1245184K
  class space    used 21739K, committed 22208K, reserved 1048576K
}

