# JRE version: OpenJDK Runtime Environment (17.0.9) (build 17.0.9+0--11185874)
# Java VM: OpenJDK 64-Bit Server VM (17.0.9+0--11185874, mixed mode, tiered, compressed oops, compressed class ptrs, g1 gc, windows-amd64)
GC Precious Log:
 CPUs: 8 total, 8 available
 Memory: 12010M
 Large Page Support: Disabled
 NUMA Support: Disabled
 Compressed Oops: Enabled (32-bit)
 Heap Region Size: 1M
 Heap Min Capacity: 8M
 Heap Initial Capacity: 188M
 Heap Max Capacity: 2G
 Pre-touch: Disabled
 Parallel Workers: 8
 Concurrent Workers: 2
 Concurrent Refinement Workers: 8
 Periodic GC: Disabled
Heap:
 garbage-first heap   total 193536K, used 89051K [0x0000000080000000, 0x0000000100000000)
  region size 1024K, 1 young (1024K), 1 survivors (1024K)
 Metaspace       used 92279K, committed 92928K, reserved 1179648K
  class space    used 12218K, committed 12480K, reserved 1048576K
GC Heap History (20 events):
Event: 6.044 GC heap after
{Heap after GC invocations=18 (full 0):
 garbage-first heap   total 119808K, used 58568K [0x0000000080000000, 0x0000000100000000)
  region size 1024K, 4 young (4096K), 4 survivors (4096K)
 Metaspace       used 69945K, committed 70592K, reserved 1114112K
  class space    used 9701K, committed 9984K, reserved 1048576K
}
Event: 6.275 GC heap before
{Heap before GC invocations=19 (full 0):
 garbage-first heap   total 119808K, used 106696K [0x0000000080000000, 0x0000000100000000)
  region size 1024K, 44 young (45056K), 4 survivors (4096K)
 Metaspace       used 70670K, committed 71296K, reserved 1114112K
  class space    used 9760K, committed 10048K, reserved 1048576K
}
Event: 6.286 GC heap after
{Heap after GC invocations=20 (full 0):
 garbage-first heap   total 120832K, used 68364K [0x0000000080000000, 0x0000000100000000)
  region size 1024K, 6 young (6144K), 6 survivors (6144K)
 Metaspace       used 70670K, committed 71296K, reserved 1114112K
  class space    used 9760K, committed 10048K, reserved 1048576K
}
Event: 6.526 GC heap before
{Heap before GC invocations=20 (full 0):
 garbage-first heap   total 120832K, used 96012K [0x0000000080000000, 0x0000000100000000)
  region size 1024K, 34 young (34816K), 6 survivors (6144K)
 Metaspace       used 74409K, committed 75072K, reserved 1114112K
  class space    used 10211K, committed 10496K, reserved 1048576K
}
Event: 6.532 GC heap after
{Heap after GC invocations=21 (full 0):
 garbage-first heap   total 145408K, used 70262K [0x0000000080000000, 0x0000000100000000)
  region size 1024K, 2 young (2048K), 2 survivors (2048K)
 Metaspace       used 74409K, committed 75072K, reserved 1114112K
  class space    used 10211K, committed 10496K, reserved 1048576K
}
Event: 6.882 GC heap before
{Heap before GC invocations=22 (full 0):
 garbage-first heap   total 145408K, used 121462K [0x0000000080000000, 0x0000000100000000)
  region size 1024K, 45 young (46080K), 2 survivors (2048K)
 Metaspace       used 79289K, committed 79872K, reserved 1179648K
  class space    used 10664K, committed 10944K, reserved 1048576K
}
Event: 6.885 GC heap after
{Heap after GC invocations=23 (full 0):
 garbage-first heap   total 145408K, used 80320K [0x0000000080000000, 0x0000000100000000)
  region size 1024K, 5 young (5120K), 5 survivors (5120K)
 Metaspace       used 79289K, committed 79872K, reserved 1179648K
  class space    used 10664K, committed 10944K, reserved 1048576K
}
Event: 6.902 GC heap before
{Heap before GC invocations=23 (full 0):
 garbage-first heap   total 145408K, used 81344K [0x0000000080000000, 0x0000000100000000)
  region size 1024K, 7 young (7168K), 5 survivors (5120K)
 Metaspace       used 79588K, committed 80256K, reserved 1179648K
  class space    used 10689K, committed 11008K, reserved 1048576K
}
Event: 6.905 GC heap after
{Heap after GC invocations=24 (full 0):
 garbage-first heap   total 145408K, used 80712K [0x0000000080000000, 0x0000000100000000)
  region size 1024K, 1 young (1024K), 1 survivors (1024K)
 Metaspace       used 79588K, committed 80256K, reserved 1179648K
  class space    used 10689K, committed 11008K, reserved 1048576K
}
Event: 7.238 GC heap before
{Heap before GC invocations=24 (full 0):
 garbage-first heap   total 145408K, used 118600K [0x0000000080000000, 0x0000000100000000)
  region size 1024K, 38 young (38912K), 1 survivors (1024K)
 Metaspace       used 84193K, committed 84800K, reserved 1179648K
  class space    used 11235K, committed 11520K, reserved 1048576K
}
Event: 7.241 GC heap after
{Heap after GC invocations=25 (full 0):
 garbage-first heap   total 145408K, used 81466K [0x0000000080000000, 0x0000000100000000)
  region size 1024K, 2 young (2048K), 2 survivors (2048K)
 Metaspace       used 84193K, committed 84800K, reserved 1179648K
  class space    used 11235K, committed 11520K, reserved 1048576K
}
Event: 7.615 GC heap before
{Heap before GC invocations=26 (full 0):
 garbage-first heap   total 145408K, used 120378K [0x0000000080000000, 0x0000000100000000)
  region size 1024K, 39 young (39936K), 2 survivors (2048K)
 Metaspace       used 88722K, committed 89344K, reserved 1179648K
  class space    used 11817K, committed 12096K, reserved 1048576K
}
Event: 7.619 GC heap after
{Heap after GC invocations=27 (full 0):
 garbage-first heap   total 145408K, used 84417K [0x0000000080000000, 0x0000000100000000)
  region size 1024K, 5 young (5120K), 5 survivors (5120K)
 Metaspace       used 88722K, committed 89344K, reserved 1179648K
  class space    used 11817K, committed 12096K, reserved 1048576K
}
Event: 7.627 GC heap before
{Heap before GC invocations=27 (full 0):
 garbage-first heap   total 145408K, used 86465K [0x0000000080000000, 0x0000000100000000)
  region size 1024K, 7 young (7168K), 5 survivors (5120K)
 Metaspace       used 88731K, committed 89344K, reserved 1179648K
  class space    used 11817K, committed 12096K, reserved 1048576K
}
Event: 7.631 GC heap after
{Heap after GC invocations=28 (full 0):
 garbage-first heap   total 145408K, used 84607K [0x0000000080000000, 0x0000000100000000)
  region size 1024K, 1 young (1024K), 1 survivors (1024K)
 Metaspace       used 88731K, committed 89344K, reserved 1179648K
  class space    used 11817K, committed 12096K, reserved 1048576K
}
Event: 7.905 GC heap before
{Heap before GC invocations=28 (full 0):
 garbage-first heap   total 145408K, used 120447K [0x0000000080000000, 0x0000000100000000)
  region size 1024K, 36 young (36864K), 1 survivors (1024K)
 Metaspace       used 90199K, committed 90880K, reserved 1179648K
  class space    used 11985K, committed 12288K, reserved 1048576K
}
Event: 7.909 GC heap after
{Heap after GC invocations=29 (full 0):
 garbage-first heap   total 145408K, used 86055K [0x0000000080000000, 0x0000000100000000)
  region size 1024K, 3 young (3072K), 3 survivors (3072K)
 Metaspace       used 90199K, committed 90880K, reserved 1179648K
  class space    used 11985K, committed 12288K, reserved 1048576K
}
Event: 8.297 GC heap before
{Heap before GC invocations=30 (full 0):
 garbage-first heap   total 153600K, used 120871K [0x0000000080000000, 0x0000000100000000)
  region size 1024K, 37 young (37888K), 3 survivors (3072K)
 Metaspace       used 92122K, committed 92800K, reserved 1179648K
  class space    used 12196K, committed 12480K, reserved 1048576K
}
Event: 8.302 GC heap after
{Heap after GC invocations=31 (full 0):
 garbage-first heap   total 153600K, used 88753K [0x0000000080000000, 0x0000000100000000)
  region size 1024K, 5 young (5120K), 5 survivors (5120K)
 Metaspace       used 92122K, committed 92800K, reserved 1179648K
  class space    used 12196K, committed 12480K, reserved 1048576K
}
Event: 8.348 GC heap before
{Heap before GC invocations=31 (full 0):
 garbage-first heap   total 153600K, used 90801K [0x0000000080000000, 0x0000000100000000)
  region size 1024K, 7 young (7168K), 5 survivors (5120K)
 Metaspace       used 92279K, committed 92928K, reserved 1179648K
  class space    used 12218K, committed 12480K, reserved 1048576K
}

